  world.cpp
E:\Téléchargements\prgm\env-master\cygwin64\home\jarod\Minestorm\GP1_SENGKEO_J\include\math.hpp(3,1): warning C4005: 'FLT_EPSILON' : redéfinition de macro
C:\Program Files (x86)\Windows Kits\10\Include\10.0.18362.0\ucrt\float.h(83): message : voir la définition précédente de 'FLT_EPSILON'
E:\Téléchargements\prgm\env-master\cygwin64\home\jarod\Minestorm\GP1_SENGKEO_J\src\world.cpp(47,73): warning C4244: 'argument' : conversion de 'float' en 'int', perte possible de données
E:\Téléchargements\prgm\env-master\cygwin64\home\jarod\Minestorm\GP1_SENGKEO_J\src\world.cpp(47,52): warning C4244: 'argument' : conversion de 'float' en 'int', perte possible de données
E:\Téléchargements\prgm\env-master\cygwin64\home\jarod\Minestorm\GP1_SENGKEO_J\src\world.cpp(48,78): warning C4244: 'argument' : conversion de 'float' en 'int', perte possible de données
E:\Téléchargements\prgm\env-master\cygwin64\home\jarod\Minestorm\GP1_SENGKEO_J\src\world.cpp(48,52): warning C4244: 'argument' : conversion de 'float' en 'int', perte possible de données
E:\Téléchargements\prgm\env-master\cygwin64\home\jarod\Minestorm\GP1_SENGKEO_J\src\world.cpp(49,78): warning C4244: 'argument' : conversion de 'float' en 'int', perte possible de données
E:\Téléchargements\prgm\env-master\cygwin64\home\jarod\Minestorm\GP1_SENGKEO_J\src\world.cpp(49,49): warning C4244: 'argument' : conversion de 'float' en 'int', perte possible de données
E:\Téléchargements\prgm\env-master\cygwin64\home\jarod\Minestorm\GP1_SENGKEO_J\src\world.cpp(50,78): warning C4244: 'argument' : conversion de 'float' en 'int', perte possible de données
E:\Téléchargements\prgm\env-master\cygwin64\home\jarod\Minestorm\GP1_SENGKEO_J\src\world.cpp(50,52): warning C4244: 'argument' : conversion de 'float' en 'int', perte possible de données
E:\Téléchargements\prgm\env-master\cygwin64\home\jarod\Minestorm\GP1_SENGKEO_J\src\world.cpp(51,78): warning C4244: 'argument' : conversion de 'float' en 'int', perte possible de données
E:\Téléchargements\prgm\env-master\cygwin64\home\jarod\Minestorm\GP1_SENGKEO_J\src\world.cpp(51,49): warning C4244: 'argument' : conversion de 'float' en 'int', perte possible de données
E:\Téléchargements\prgm\env-master\cygwin64\home\jarod\Minestorm\GP1_SENGKEO_J\src\world.cpp(52,78): warning C4244: 'argument' : conversion de 'float' en 'int', perte possible de données
E:\Téléchargements\prgm\env-master\cygwin64\home\jarod\Minestorm\GP1_SENGKEO_J\src\world.cpp(52,52): warning C4244: 'argument' : conversion de 'float' en 'int', perte possible de données
E:\Téléchargements\prgm\env-master\cygwin64\home\jarod\Minestorm\GP1_SENGKEO_J\src\world.cpp(53,78): warning C4244: 'argument' : conversion de 'float' en 'int', perte possible de données
E:\Téléchargements\prgm\env-master\cygwin64\home\jarod\Minestorm\GP1_SENGKEO_J\src\world.cpp(53,49): warning C4244: 'argument' : conversion de 'float' en 'int', perte possible de données
E:\Téléchargements\prgm\env-master\cygwin64\home\jarod\Minestorm\GP1_SENGKEO_J\src\world.cpp(78,60): warning C4244: 'argument' : conversion de 'float' en 'int', perte possible de données
E:\Téléchargements\prgm\env-master\cygwin64\home\jarod\Minestorm\GP1_SENGKEO_J\src\world.cpp(79,60): warning C4244: 'argument' : conversion de 'float' en 'int', perte possible de données
E:\Téléchargements\prgm\env-master\cygwin64\home\jarod\Minestorm\GP1_SENGKEO_J\src\world.cpp(103,51): warning C4244: 'argument' : conversion de 'float' en 'int', perte possible de données
E:\Téléchargements\prgm\env-master\cygwin64\home\jarod\Minestorm\GP1_SENGKEO_J\src\world.cpp(103,34): warning C4244: 'argument' : conversion de 'float' en 'int', perte possible de données
E:\Téléchargements\prgm\env-master\cygwin64\home\jarod\Minestorm\GP1_SENGKEO_J\src\world.cpp(104,58): warning C4244: 'argument' : conversion de 'float' en 'int', perte possible de données
E:\Téléchargements\prgm\env-master\cygwin64\home\jarod\Minestorm\GP1_SENGKEO_J\src\world.cpp(104,35): warning C4244: 'argument' : conversion de 'float' en 'int', perte possible de données
E:\Téléchargements\prgm\env-master\cygwin64\home\jarod\Minestorm\GP1_SENGKEO_J\src\world.cpp(105,69): warning C4244: 'argument' : conversion de 'float' en 'int', perte possible de données
E:\Téléchargements\prgm\env-master\cygwin64\home\jarod\Minestorm\GP1_SENGKEO_J\src\world.cpp(105,49): warning C4244: 'argument' : conversion de 'float' en 'int', perte possible de données
E:\Téléchargements\prgm\env-master\cygwin64\home\jarod\Minestorm\GP1_SENGKEO_J\src\world.cpp(107,62): warning C4244: 'argument' : conversion de 'float' en 'int', perte possible de données
E:\Téléchargements\prgm\env-master\cygwin64\home\jarod\Minestorm\GP1_SENGKEO_J\src\world.cpp(107,39): warning C4244: 'argument' : conversion de 'float' en 'int', perte possible de données
E:\Téléchargements\prgm\env-master\cygwin64\home\jarod\Minestorm\GP1_SENGKEO_J\src\world.cpp(108,57): warning C4244: 'argument' : conversion de 'float' en 'int', perte possible de données
E:\Téléchargements\prgm\env-master\cygwin64\home\jarod\Minestorm\GP1_SENGKEO_J\src\world.cpp(108,37): warning C4244: 'argument' : conversion de 'float' en 'int', perte possible de données
E:\Téléchargements\prgm\env-master\cygwin64\home\jarod\Minestorm\GP1_SENGKEO_J\src\world.cpp(110,66): warning C4244: 'argument' : conversion de 'float' en 'int', perte possible de données
E:\Téléchargements\prgm\env-master\cygwin64\home\jarod\Minestorm\GP1_SENGKEO_J\src\world.cpp(110,43): warning C4244: 'argument' : conversion de 'float' en 'int', perte possible de données
E:\Téléchargements\prgm\env-master\cygwin64\home\jarod\Minestorm\GP1_SENGKEO_J\src\world.cpp(111,63): warning C4244: 'argument' : conversion de 'float' en 'int', perte possible de données
E:\Téléchargements\prgm\env-master\cygwin64\home\jarod\Minestorm\GP1_SENGKEO_J\src\world.cpp(111,43): warning C4244: 'argument' : conversion de 'float' en 'int', perte possible de données
E:\Téléchargements\prgm\env-master\cygwin64\home\jarod\Minestorm\GP1_SENGKEO_J\src\world.cpp(126,73): warning C4244: 'argument' : conversion de 'float' en 'int', perte possible de données
E:\Téléchargements\prgm\env-master\cygwin64\home\jarod\Minestorm\GP1_SENGKEO_J\src\world.cpp(126,52): warning C4244: 'argument' : conversion de 'float' en 'int', perte possible de données
E:\Téléchargements\prgm\env-master\cygwin64\home\jarod\Minestorm\GP1_SENGKEO_J\src\world.cpp(127,78): warning C4244: 'argument' : conversion de 'float' en 'int', perte possible de données
E:\Téléchargements\prgm\env-master\cygwin64\home\jarod\Minestorm\GP1_SENGKEO_J\src\world.cpp(127,52): warning C4244: 'argument' : conversion de 'float' en 'int', perte possible de données
E:\Téléchargements\prgm\env-master\cygwin64\home\jarod\Minestorm\GP1_SENGKEO_J\src\world.cpp(128,78): warning C4244: 'argument' : conversion de 'float' en 'int', perte possible de données
E:\Téléchargements\prgm\env-master\cygwin64\home\jarod\Minestorm\GP1_SENGKEO_J\src\world.cpp(128,49): warning C4244: 'argument' : conversion de 'float' en 'int', perte possible de données
E:\Téléchargements\prgm\env-master\cygwin64\home\jarod\Minestorm\GP1_SENGKEO_J\src\world.cpp(130,78): warning C4244: 'argument' : conversion de 'float' en 'int', perte possible de données
E:\Téléchargements\prgm\env-master\cygwin64\home\jarod\Minestorm\GP1_SENGKEO_J\src\world.cpp(130,52): warning C4244: 'argument' : conversion de 'float' en 'int', perte possible de données
E:\Téléchargements\prgm\env-master\cygwin64\home\jarod\Minestorm\GP1_SENGKEO_J\src\world.cpp(131,78): warning C4244: 'argument' : conversion de 'float' en 'int', perte possible de données
E:\Téléchargements\prgm\env-master\cygwin64\home\jarod\Minestorm\GP1_SENGKEO_J\src\world.cpp(131,49): warning C4244: 'argument' : conversion de 'float' en 'int', perte possible de données
E:\Téléchargements\prgm\env-master\cygwin64\home\jarod\Minestorm\GP1_SENGKEO_J\src\world.cpp(147,26): warning C4244: '=' : conversion de 'double' en 'float', perte possible de données
E:\Téléchargements\prgm\env-master\cygwin64\home\jarod\Minestorm\GP1_SENGKEO_J\src\world.cpp(153,47): warning C4244: '=' : conversion de 'int' en 'float', perte possible de données
E:\Téléchargements\prgm\env-master\cygwin64\home\jarod\Minestorm\GP1_SENGKEO_J\src\world.cpp(154,48): warning C4244: '=' : conversion de 'int' en 'float', perte possible de données
E:\Téléchargements\prgm\env-master\cygwin64\home\jarod\Minestorm\GP1_SENGKEO_J\src\world.cpp(184,30): warning C4244: '=' : conversion de 'double' en 'float', perte possible de données
E:\Téléchargements\prgm\env-master\cygwin64\home\jarod\Minestorm\GP1_SENGKEO_J\src\world.cpp(190,51): warning C4244: '=' : conversion de 'int' en 'float', perte possible de données
E:\Téléchargements\prgm\env-master\cygwin64\home\jarod\Minestorm\GP1_SENGKEO_J\src\world.cpp(191,52): warning C4244: '=' : conversion de 'int' en 'float', perte possible de données
E:\Téléchargements\prgm\env-master\cygwin64\home\jarod\Minestorm\GP1_SENGKEO_J\src\world.cpp(221,50): warning C4244: '=' : conversion de 'double' en 'float', perte possible de données
E:\Téléchargements\prgm\env-master\cygwin64\home\jarod\Minestorm\GP1_SENGKEO_J\src\world.cpp(350,30): warning C4244: '=' : conversion de 'double' en 'float', perte possible de données
E:\Téléchargements\prgm\env-master\cygwin64\home\jarod\Minestorm\GP1_SENGKEO_J\src\world.cpp(436,30): warning C4244: '=' : conversion de 'double' en 'float', perte possible de données
E:\Téléchargements\prgm\env-master\cygwin64\home\jarod\Minestorm\GP1_SENGKEO_J\src\world.cpp(455,54): warning C4244: 'argument' : conversion de 'float' en 'int', perte possible de données
E:\Téléchargements\prgm\env-master\cygwin64\home\jarod\Minestorm\GP1_SENGKEO_J\src\world.cpp(455,35): warning C4244: 'argument' : conversion de 'float' en 'int', perte possible de données
E:\Téléchargements\prgm\env-master\cygwin64\home\jarod\Minestorm\GP1_SENGKEO_J\src\world.cpp(461,13): warning C4244: 'initialisation' : conversion de 'float' en 'int', perte possible de données
E:\Téléchargements\prgm\env-master\cygwin64\home\jarod\Minestorm\GP1_SENGKEO_J\src\world.cpp(462,11): warning C4244: 'initialisation' : conversion de 'float' en 'int', perte possible de données
E:\Téléchargements\prgm\env-master\cygwin64\home\jarod\Minestorm\GP1_SENGKEO_J\src\world.cpp(502,49): warning C4244: '=' : conversion de 'int' en 'float', perte possible de données
E:\Téléchargements\prgm\env-master\cygwin64\home\jarod\Minestorm\GP1_SENGKEO_J\src\world.cpp(510,50): warning C4244: '=' : conversion de 'int' en 'float', perte possible de données
E:\Téléchargements\prgm\env-master\cygwin64\home\jarod\Minestorm\GP1_SENGKEO_J\src\world.cpp(528,55): warning C4244: '=' : conversion de 'int' en 'float', perte possible de données
E:\Téléchargements\prgm\env-master\cygwin64\home\jarod\Minestorm\GP1_SENGKEO_J\src\world.cpp(536,56): warning C4244: '=' : conversion de 'int' en 'float', perte possible de données
E:\Téléchargements\prgm\env-master\cygwin64\home\jarod\Minestorm\GP1_SENGKEO_J\src\world.cpp(552,54): warning C4244: '=' : conversion de 'int' en 'float', perte possible de données
E:\Téléchargements\prgm\env-master\cygwin64\home\jarod\Minestorm\GP1_SENGKEO_J\src\world.cpp(560,55): warning C4244: '=' : conversion de 'int' en 'float', perte possible de données
E:\Téléchargements\prgm\env-master\cygwin64\home\jarod\Minestorm\GP1_SENGKEO_J\src\world.cpp(582,49): warning C4244: '=' : conversion de 'int' en 'float', perte possible de données
E:\Téléchargements\prgm\env-master\cygwin64\home\jarod\Minestorm\GP1_SENGKEO_J\src\world.cpp(590,50): warning C4244: '=' : conversion de 'int' en 'float', perte possible de données
  game.vcxproj -> E:\Téléchargements\prgm\env-master\cygwin64\home\jarod\Minestorm\GP1_SENGKEO_J\x64\Debug\game.exe
