e:\téléchargements\prgm\env-master\cygwin64\home\jarod\minestorm\gp1_sengkeo_j\x64\debug\vc142.pdb
e:\téléchargements\prgm\env-master\cygwin64\home\jarod\minestorm\gp1_sengkeo_j\x64\debug\vc142.idb
e:\téléchargements\prgm\env-master\cygwin64\home\jarod\minestorm\gp1_sengkeo_j\x64\debug\world.obj
e:\téléchargements\prgm\env-master\cygwin64\home\jarod\minestorm\gp1_sengkeo_j\x64\debug\player.obj
e:\téléchargements\prgm\env-master\cygwin64\home\jarod\minestorm\gp1_sengkeo_j\x64\debug\myvector2.obj
e:\téléchargements\prgm\env-master\cygwin64\home\jarod\minestorm\gp1_sengkeo_j\x64\debug\myreferential2.obj
e:\téléchargements\prgm\env-master\cygwin64\home\jarod\minestorm\gp1_sengkeo_j\x64\debug\myrectangle.obj
e:\téléchargements\prgm\env-master\cygwin64\home\jarod\minestorm\gp1_sengkeo_j\x64\debug\myrange.obj
e:\téléchargements\prgm\env-master\cygwin64\home\jarod\minestorm\gp1_sengkeo_j\x64\debug\myconvexpolygon.obj
e:\téléchargements\prgm\env-master\cygwin64\home\jarod\minestorm\gp1_sengkeo_j\x64\debug\myconcavepolygon.obj
e:\téléchargements\prgm\env-master\cygwin64\home\jarod\minestorm\gp1_sengkeo_j\x64\debug\mycircle.obj
e:\téléchargements\prgm\env-master\cygwin64\home\jarod\minestorm\gp1_sengkeo_j\x64\debug\math.obj
e:\téléchargements\prgm\env-master\cygwin64\home\jarod\minestorm\gp1_sengkeo_j\x64\debug\main.obj
e:\téléchargements\prgm\env-master\cygwin64\home\jarod\minestorm\gp1_sengkeo_j\x64\debug\entity.obj
e:\téléchargements\prgm\env-master\cygwin64\home\jarod\minestorm\gp1_sengkeo_j\x64\debug\enemy.obj
e:\téléchargements\prgm\env-master\cygwin64\home\jarod\minestorm\gp1_sengkeo_j\x64\debug\collisiondetection.obj
e:\téléchargements\prgm\env-master\cygwin64\home\jarod\minestorm\gp1_sengkeo_j\x64\debug\bullet.obj
e:\téléchargements\prgm\env-master\cygwin64\home\jarod\minestorm\gp1_sengkeo_j\x64\debug\game.exe
e:\téléchargements\prgm\env-master\cygwin64\home\jarod\minestorm\gp1_sengkeo_j\x64\debug\game.ilk
e:\téléchargements\prgm\env-master\cygwin64\home\jarod\minestorm\gp1_sengkeo_j\x64\debug\game.pdb
e:\téléchargements\prgm\env-master\cygwin64\home\jarod\minestorm\gp1_sengkeo_j\x64\debug\game.tlog\cl.command.1.tlog
e:\téléchargements\prgm\env-master\cygwin64\home\jarod\minestorm\gp1_sengkeo_j\x64\debug\game.tlog\cl.read.1.tlog
e:\téléchargements\prgm\env-master\cygwin64\home\jarod\minestorm\gp1_sengkeo_j\x64\debug\game.tlog\cl.write.1.tlog
e:\téléchargements\prgm\env-master\cygwin64\home\jarod\minestorm\gp1_sengkeo_j\x64\debug\game.tlog\link.command.1.tlog
e:\téléchargements\prgm\env-master\cygwin64\home\jarod\minestorm\gp1_sengkeo_j\x64\debug\game.tlog\link.read.1.tlog
e:\téléchargements\prgm\env-master\cygwin64\home\jarod\minestorm\gp1_sengkeo_j\x64\debug\game.tlog\link.write.1.tlog
